[2026-03-13T12:05:10.670+0000] {local_task_job_runner.py:120} INFO - ::group::Pre task execution logs
[2026-03-13T12:05:10.728+0000] {taskinstance.py:2076} INFO - Dependencies all met for dep_context=non-requeueable deps ti=<TaskInstance: sensor_aggregation_dag.load_and_aggregate scheduled__2026-03-13T12:00:00+00:00 [queued]>
[2026-03-13T12:05:10.813+0000] {taskinstance.py:2076} INFO - Dependencies all met for dep_context=requeueable deps ti=<TaskInstance: sensor_aggregation_dag.load_and_aggregate scheduled__2026-03-13T12:00:00+00:00 [queued]>
[2026-03-13T12:05:10.814+0000] {taskinstance.py:2306} INFO - Starting attempt 1 of 2
[2026-03-13T12:05:11.128+0000] {taskinstance.py:2330} INFO - Executing <Task(PythonOperator): load_and_aggregate> on 2026-03-13 12:00:00+00:00
[2026-03-13T12:05:11.176+0000] {standard_task_runner.py:90} INFO - Running: ['airflow', 'tasks', 'run', 'sensor_aggregation_dag', 'load_and_aggregate', 'scheduled__2026-03-13T12:00:00+00:00', '--job-id', '20', '--raw', '--subdir', 'DAGS_FOLDER/aggregation_dag.py', '--cfg-path', '/tmp/tmp23gy_vtp']
[2026-03-13T12:05:11.183+0000] {standard_task_runner.py:91} INFO - Job 20: Subtask load_and_aggregate
[2026-03-13T12:05:11.187+0000] {logging_mixin.py:188} WARNING - /home/airflow/.local/lib/python3.12/site-packages/airflow/task/task_runner/standard_task_runner.py:62 DeprecationWarning: This process (pid=653) is multi-threaded, use of fork() may lead to deadlocks in the child.
[2026-03-13T12:05:11.188+0000] {standard_task_runner.py:64} INFO - Started process 666 to run task
[2026-03-13T12:05:11.594+0000] {task_command.py:426} INFO - Running <TaskInstance: sensor_aggregation_dag.load_and_aggregate scheduled__2026-03-13T12:00:00+00:00 [running]> on host 3fd501c0a92a
[2026-03-13T12:05:12.975+0000] {taskinstance.py:2648} INFO - Exporting env vars: AIRFLOW_CTX_DAG_OWNER='airflow' AIRFLOW_CTX_DAG_ID='sensor_aggregation_dag' AIRFLOW_CTX_TASK_ID='load_and_aggregate' AIRFLOW_CTX_EXECUTION_DATE='2026-03-13T12:00:00+00:00' AIRFLOW_CTX_TRY_NUMBER='1' AIRFLOW_CTX_DAG_RUN_ID='scheduled__2026-03-13T12:00:00+00:00'
[2026-03-13T12:05:12.978+0000] {taskinstance.py:430} INFO - ::endgroup::
[2026-03-13T12:05:13.180+0000] {taskinstance.py:441} INFO - ::group::Post task execution logs
[2026-03-13T12:05:13.181+0000] {taskinstance.py:2905} ERROR - Task failed with exception
Traceback (most recent call last):
  File "/home/airflow/.local/lib/python3.12/site-packages/pandas/io/sql.py", line 2262, in execute
    cur.execute(sql, *args)
sqlite3.OperationalError: disk I/O error

The above exception was the direct cause of the following exception:

Traceback (most recent call last):
  File "/home/airflow/.local/lib/python3.12/site-packages/airflow/models/taskinstance.py", line 465, in _execute_task
    result = _execute_callable(context=context, **execute_callable_kwargs)
             ^^^^^^^^^^^^^^^^^^^^^^^^^^^^^^^^^^^^^^^^^^^^^^^^^^^^^^^^^^^^^
  File "/home/airflow/.local/lib/python3.12/site-packages/airflow/models/taskinstance.py", line 432, in _execute_callable
    return execute_callable(context=context, **execute_callable_kwargs)
           ^^^^^^^^^^^^^^^^^^^^^^^^^^^^^^^^^^^^^^^^^^^^^^^^^^^^^^^^^^^^
  File "/home/airflow/.local/lib/python3.12/site-packages/airflow/models/baseoperator.py", line 401, in wrapper
    return func(self, *args, **kwargs)
           ^^^^^^^^^^^^^^^^^^^^^^^^^^^
  File "/home/airflow/.local/lib/python3.12/site-packages/airflow/operators/python.py", line 235, in execute
    return_value = self.execute_callable()
                   ^^^^^^^^^^^^^^^^^^^^^^^
  File "/home/airflow/.local/lib/python3.12/site-packages/airflow/operators/python.py", line 252, in execute_callable
    return self.python_callable(*self.op_args, **self.op_kwargs)
           ^^^^^^^^^^^^^^^^^^^^^^^^^^^^^^^^^^^^^^^^^^^^^^^^^^^^^
  File "/opt/airflow/dags/aggregation_dag.py", line 19, in load_and_aggregate
    df = pd.read_sql_query("SELECT * FROM sensor_data", conn)
         ^^^^^^^^^^^^^^^^^^^^^^^^^^^^^^^^^^^^^^^^^^^^^^^^^^^^
  File "/home/airflow/.local/lib/python3.12/site-packages/pandas/io/sql.py", line 486, in read_sql_query
    return pandas_sql.read_query(
           ^^^^^^^^^^^^^^^^^^^^^^
  File "/home/airflow/.local/lib/python3.12/site-packages/pandas/io/sql.py", line 2326, in read_query
    cursor = self.execute(sql, params)
             ^^^^^^^^^^^^^^^^^^^^^^^^^
  File "/home/airflow/.local/lib/python3.12/site-packages/pandas/io/sql.py", line 2274, in execute
    raise ex from exc
pandas.errors.DatabaseError: Execution failed on sql 'SELECT * FROM sensor_data': disk I/O error
[2026-03-13T12:05:13.255+0000] {taskinstance.py:1206} INFO - Marking task as UP_FOR_RETRY. dag_id=sensor_aggregation_dag, task_id=load_and_aggregate, run_id=scheduled__2026-03-13T12:00:00+00:00, execution_date=20260313T120000, start_date=20260313T120510, end_date=20260313T120513
[2026-03-13T12:05:13.524+0000] {standard_task_runner.py:110} ERROR - Failed to execute job 20 for task load_and_aggregate (Execution failed on sql 'SELECT * FROM sensor_data': disk I/O error; 666)
[2026-03-13T12:05:13.581+0000] {local_task_job_runner.py:243} INFO - Task exited with return code 1
[2026-03-13T12:05:13.623+0000] {taskinstance.py:3503} INFO - 0 downstream tasks scheduled from follow-on schedule check
[2026-03-13T12:05:13.628+0000] {local_task_job_runner.py:222} INFO - ::endgroup::
